c:\users\medoa\source\repos\playstation\playstation\debug\vc142.pdb
c:\users\medoa\source\repos\playstation\playstation\debug\.netframework,version=v4.6.1.assemblyattributes.obj
e:\cmp2024\projects\playstation\playstation\debug\vc142.pdb
e:\cmp2024\projects\playstation\playstation\debug\.netframework,version=v4.6.1.assemblyattributes.obj
e:\cmp2024\projects\playstation\playstation\debug\myform.obj
c:\users\medoa\source\repos\playstation\debug\playstation.exe
c:\users\medoa\source\repos\playstation\debug\playstation.pdb
e:\cmp2024\projects\playstation\debug\playstation.exe
e:\cmp2024\projects\playstation\debug\playstation.pdb
c:\users\medoa\source\repos\playstation\playstation\debug\playstation.myform.resources
e:\cmp2024\projects\playstation\playstation\debug\playstation.myform.resources
e:\cmp2024\projects\playstation\playstation\debug\playstation.tlog\cl.command.1.tlog
e:\cmp2024\projects\playstation\playstation\debug\playstation.tlog\cl.read.1.tlog
e:\cmp2024\projects\playstation\playstation\debug\playstation.tlog\cl.write.1.tlog
e:\cmp2024\projects\playstation\playstation\debug\playstation.tlog\link.command.1.tlog
e:\cmp2024\projects\playstation\playstation\debug\playstation.tlog\link.read.1.tlog
e:\cmp2024\projects\playstation\playstation\debug\playstation.tlog\link.write.1.tlog
e:\cmp2024\projects\playstation\playstation\debug\playstation.tlog\metagen.read.1.tlog
e:\cmp2024\projects\playstation\playstation\debug\playstation.tlog\metagen.write.1.tlog
e:\cmp2024\projects\playstation\playstation\debug\playstation.tlog\playstation.write.1u.tlog
